<?xml version="1.0" encoding="UTF-8" ?>
<testsuites disabled="7" errors="0" failures="1" tests="8" time="16.819">
 <testsuite name="demo calculator test" timestamp="2019-11-11T15:39:21" hostname="localhost" time="0.032" errors="0" tests="3" skipped="0" disabled="3" failures="0">
  <testcase classname="demo calculator test" name="@testAdd addation test" time="0.002">
   <skipped />
  </testcase>
  <testcase classname="demo calculator test" name="@testdiv division test" time="0.014">
   <skipped />
  </testcase>
  <testcase classname="demo calculator test" name="@bug only xample bugs application | 12 : 6 Expected result 2" time="0.003">
   <skipped />
  </testcase>
 </testsuite>
 <testsuite name="angularjs homepage" timestamp="2019-11-11T15:39:21" hostname="localhost" time="0.009" errors="0" tests="1" skipped="0" disabled="1" failures="0">
  <testcase classname="angularjs homepage" name="should greet the named user" time="0">
   <skipped />
  </testcase>
 </testsuite>
 <testsuite name="angularjs homepage.todo list" timestamp="2019-11-11T15:39:21" hostname="localhost" time="0.006" errors="0" tests="2" skipped="0" disabled="2" failures="0">
  <testcase classname="angularjs homepage.todo list" name="should list todos" time="0.004">
   <skipped />
  </testcase>
  <testcase classname="angularjs homepage.todo list" name="should add a todo" time="0.001">
   <skipped />
  </testcase>
 </testsuite>
 <testsuite name="Seller Panel" timestamp="2019-11-11T15:39:21" hostname="localhost" time="0.004" errors="0" tests="1" skipped="0" disabled="1" failures="0">
  <testcase classname="Seller Panel" name="@login Login" time="0.002">
   <skipped />
  </testcase>
 </testsuite>
 <testsuite name="Onboarding Sellerpanel" timestamp="2019-11-11T15:39:22" hostname="localhost" time="16.768" errors="0" tests="1" skipped="0" disabled="0" failures="1">
  <testcase classname="Onboarding Sellerpanel" name="@register Register" time="16.766">
   <failure type="exception" message="Failed: No element found using locator: By(css selector, .div.content &gt; h1)"><![CDATA[NoSuchElementError: No element found using locator: By(css selector, .div.content > h1)
    at /usr/local/lib/node_modules/protractor/built/element.js:814:27
    at ManagedPromise.invokeCallback_ (/usr/local/lib/node_modules/protractor/node_modules/selenium-webdriver/lib/promise.js:1376:14)
    at TaskQueue.execute_ (/usr/local/lib/node_modules/protractor/node_modules/selenium-webdriver/lib/promise.js:3084:14)
    at TaskQueue.executeNext_ (/usr/local/lib/node_modules/protractor/node_modules/selenium-webdriver/lib/promise.js:3067:27)
    at /usr/local/lib/node_modules/protractor/node_modules/selenium-webdriver/lib/promise.js:2927:27
    at /usr/local/lib/node_modules/protractor/node_modules/selenium-webdriver/lib/promise.js:668:7
    at processTicksAndRejections (internal/process/task_queues.js:93:5)Error
    at ElementArrayFinder.applyAction_ (/usr/local/lib/node_modules/protractor/built/element.js:459:27)
    at ElementArrayFinder.<computed> [as getText] (/usr/local/lib/node_modules/protractor/built/element.js:91:29)
    at ElementFinder.<computed> [as getText] (/usr/local/lib/node_modules/protractor/built/element.js:831:22)
    at seller.verifyKonfirmasi (/Users/MacbookPro/git/protractor/pages/seller_panel.js:40:33)
    at UserContext.<anonymous> (/Users/MacbookPro/git/protractor/test/sp_onboarding_test.js:15:16)
    at /usr/local/lib/node_modules/protractor/node_modules/jasminewd2/index.js:112:25
    at new ManagedPromise (/usr/local/lib/node_modules/protractor/node_modules/selenium-webdriver/lib/promise.js:1077:7)
    at ControlFlow.promise (/usr/local/lib/node_modules/protractor/node_modules/selenium-webdriver/lib/promise.js:2505:12)
    at schedulerExecute (/usr/local/lib/node_modules/protractor/node_modules/jasminewd2/index.js:95:18)
    at TaskQueue.execute_ (/usr/local/lib/node_modules/protractor/node_modules/selenium-webdriver/lib/promise.js:3084:14)
From: Task: Run it("@register Register") in control flow
    at UserContext.<anonymous> (/usr/local/lib/node_modules/protractor/node_modules/jasminewd2/index.js:94:19)
    at attempt (/usr/local/lib/node_modules/protractor/node_modules/jasmine-core/lib/jasmine-core/jasmine.js:4297:26)
    at QueueRunner.run (/usr/local/lib/node_modules/protractor/node_modules/jasmine-core/lib/jasmine-core/jasmine.js:4217:20)
    at QueueRunner.execute (/usr/local/lib/node_modules/protractor/node_modules/jasmine-core/lib/jasmine-core/jasmine.js:4199:10)
    at Spec.queueRunnerFactory (/usr/local/lib/node_modules/protractor/node_modules/jasmine-core/lib/jasmine-core/jasmine.js:909:35)
    at Spec.execute (/usr/local/lib/node_modules/protractor/node_modules/jasmine-core/lib/jasmine-core/jasmine.js:526:10)
    at UserContext.fn (/usr/local/lib/node_modules/protractor/node_modules/jasmine-core/lib/jasmine-core/jasmine.js:5340:37)
    at attempt (/usr/local/lib/node_modules/protractor/node_modules/jasmine-core/lib/jasmine-core/jasmine.js:4297:26)
    at QueueRunner.run (/usr/local/lib/node_modules/protractor/node_modules/jasmine-core/lib/jasmine-core/jasmine.js:4217:20)
    at QueueRunner.execute (/usr/local/lib/node_modules/protractor/node_modules/jasmine-core/lib/jasmine-core/jasmine.js:4199:10)
From asynchronous test: 
Error
    at Suite.<anonymous> (/Users/MacbookPro/git/protractor/test/sp_onboarding_test.js:6:5)
    at addSpecsToSuite (/usr/local/lib/node_modules/protractor/node_modules/jasmine-core/lib/jasmine-core/jasmine.js:1107:25)
    at Env.describe (/usr/local/lib/node_modules/protractor/node_modules/jasmine-core/lib/jasmine-core/jasmine.js:1074:7)
    at describe (/usr/local/lib/node_modules/protractor/node_modules/jasmine-core/lib/jasmine-core/jasmine.js:4399:18)
    at Object.<anonymous> (/Users/MacbookPro/git/protractor/test/sp_onboarding_test.js:5:1)
    at Module._compile (internal/modules/cjs/loader.js:956:30)
    at Object.Module._extensions..js (internal/modules/cjs/loader.js:973:10)
    at Module.load (internal/modules/cjs/loader.js:812:32)
    at Function.Module._load (internal/modules/cjs/loader.js:724:14)]]>
   </failure>
  </testcase>
 </testsuite>
</testsuites>