<?xml version="1.0" encoding="UTF-8" ?>
<testsuites disabled="6" errors="0" failures="0" tests="7" time="31.604">
 <testsuite name="demo calculator test" timestamp="2019-11-07T14:21:35" hostname="localhost" time="0.018" errors="0" tests="3" skipped="0" disabled="3" failures="0">
  <testcase classname="demo calculator test" name="@testAdd addation test" time="0.003">
   <skipped />
  </testcase>
  <testcase classname="demo calculator test" name="@testdiv division test" time="0.005">
   <skipped />
  </testcase>
  <testcase classname="demo calculator test" name="@bug only xample bugs application | 12 : 6 Expected result 2" time="0.003">
   <skipped />
  </testcase>
 </testsuite>
 <testsuite name="angularjs homepage" timestamp="2019-11-07T14:21:35" hostname="localhost" time="0.012" errors="0" tests="1" skipped="0" disabled="1" failures="0">
  <testcase classname="angularjs homepage" name="should greet the named user" time="0">
   <skipped />
  </testcase>
 </testsuite>
 <testsuite name="angularjs homepage.todo list" timestamp="2019-11-07T14:21:35" hostname="localhost" time="0.005" errors="0" tests="2" skipped="0" disabled="2" failures="0">
  <testcase classname="angularjs homepage.todo list" name="should list todos" time="0.003">
   <skipped />
  </testcase>
  <testcase classname="angularjs homepage.todo list" name="should add a todo" time="0.001">
   <skipped />
  </testcase>
 </testsuite>
 <testsuite name="Onboarding seller panel" timestamp="2019-11-07T14:21:35" hostname="localhost" time="31.569" errors="0" tests="1" skipped="0" disabled="0" failures="0">
  <testcase classname="Onboarding seller panel" name="@seller I want to reg with email" time="31.567" />
 </testsuite>
</testsuites>